Determining if the pthread_create exist failed with the following output:
Change Dir: /home/chun/Desktop/uav_autonomous_landing/elevation_mapping_ws/build/catkin_tools_prebuild/CMakeFiles/CMakeTmp

Run Build Command:"/usr/bin/make" "cmTC_f3f77/fast"
/usr/bin/make -f CMakeFiles/cmTC_f3f77.dir/build.make CMakeFiles/cmTC_f3f77.dir/build
make[1]: Entering directory '/home/chun/Desktop/uav_autonomous_landing/elevation_mapping_ws/build/catkin_tools_prebuild/CMakeFiles/CMakeTmp'
Building C object CMakeFiles/cmTC_f3f77.dir/CheckSymbolExists.c.o
/usr/bin/cc    -o CMakeFiles/cmTC_f3f77.dir/CheckSymbolExists.c.o   -c /home/chun/Desktop/uav_autonomous_landing/elevation_mapping_ws/build/catkin_tools_prebuild/CMakeFiles/CMakeTmp/CheckSymbolExists.c
Linking C executable cmTC_f3f77
/usr/bin/cmake -E cmake_link_script CMakeFiles/cmTC_f3f77.dir/link.txt --verbose=1
/usr/bin/cc      -rdynamic CMakeFiles/cmTC_f3f77.dir/CheckSymbolExists.c.o  -o cmTC_f3f77 
CMakeFiles/cmTC_f3f77.dir/CheckSymbolExists.c.o: In function `main':
CheckSymbolExists.c:(.text+0x1b): undefined reference to `pthread_create'
collect2: error: ld returned 1 exit status
CMakeFiles/cmTC_f3f77.dir/build.make:97: recipe for target 'cmTC_f3f77' failed
make[1]: *** [cmTC_f3f77] Error 1
make[1]: Leaving directory '/home/chun/Desktop/uav_autonomous_landing/elevation_mapping_ws/build/catkin_tools_prebuild/CMakeFiles/CMakeTmp'
Makefile:126: recipe for target 'cmTC_f3f77/fast' failed
make: *** [cmTC_f3f77/fast] Error 2

File /home/chun/Desktop/uav_autonomous_landing/elevation_mapping_ws/build/catkin_tools_prebuild/CMakeFiles/CMakeTmp/CheckSymbolExists.c:
/* */
#include <pthread.h>

int main(int argc, char** argv)
{
  (void)argv;
#ifndef pthread_create
  return ((int*)(&pthread_create))[argc];
#else
  (void)argc;
  return 0;
#endif
}

Determining if the function pthread_create exists in the pthreads failed with the following output:
Change Dir: /home/chun/Desktop/uav_autonomous_landing/elevation_mapping_ws/build/catkin_tools_prebuild/CMakeFiles/CMakeTmp

Run Build Command:"/usr/bin/make" "cmTC_1e3bf/fast"
/usr/bin/make -f CMakeFiles/cmTC_1e3bf.dir/build.make CMakeFiles/cmTC_1e3bf.dir/build
make[1]: Entering directory '/home/chun/Desktop/uav_autonomous_landing/elevation_mapping_ws/build/catkin_tools_prebuild/CMakeFiles/CMakeTmp'
Building C object CMakeFiles/cmTC_1e3bf.dir/CheckFunctionExists.c.o
/usr/bin/cc   -DCHECK_FUNCTION_EXISTS=pthread_create   -o CMakeFiles/cmTC_1e3bf.dir/CheckFunctionExists.c.o   -c /usr/share/cmake-3.10/Modules/CheckFunctionExists.c
Linking C executable cmTC_1e3bf
/usr/bin/cmake -E cmake_link_script CMakeFiles/cmTC_1e3bf.dir/link.txt --verbose=1
/usr/bin/cc  -DCHECK_FUNCTION_EXISTS=pthread_create    -rdynamic CMakeFiles/cmTC_1e3bf.dir/CheckFunctionExists.c.o  -o cmTC_1e3bf -lpthreads 
/usr/bin/ld: cannot find -lpthreads
collect2: error: ld returned 1 exit status
CMakeFiles/cmTC_1e3bf.dir/build.make:97: recipe for target 'cmTC_1e3bf' failed
make[1]: *** [cmTC_1e3bf] Error 1
make[1]: Leaving directory '/home/chun/Desktop/uav_autonomous_landing/elevation_mapping_ws/build/catkin_tools_prebuild/CMakeFiles/CMakeTmp'
Makefile:126: recipe for target 'cmTC_1e3bf/fast' failed
make: *** [cmTC_1e3bf/fast] Error 2


