Determining if the pthread_create exist failed with the following output:
Change Dir: /home/chun/Desktop/uav_autonomous_landing/elevation_mapping_ws/build/elevation_mapping_demos/CMakeFiles/CMakeTmp

Run Build Command:"/usr/bin/make" "cmTC_5a4cc/fast"
/usr/bin/make -f CMakeFiles/cmTC_5a4cc.dir/build.make CMakeFiles/cmTC_5a4cc.dir/build
make[1]: Entering directory '/home/chun/Desktop/uav_autonomous_landing/elevation_mapping_ws/build/elevation_mapping_demos/CMakeFiles/CMakeTmp'
Building C object CMakeFiles/cmTC_5a4cc.dir/CheckSymbolExists.c.o
/usr/bin/cc    -o CMakeFiles/cmTC_5a4cc.dir/CheckSymbolExists.c.o   -c /home/chun/Desktop/uav_autonomous_landing/elevation_mapping_ws/build/elevation_mapping_demos/CMakeFiles/CMakeTmp/CheckSymbolExists.c
Linking C executable cmTC_5a4cc
/usr/bin/cmake -E cmake_link_script CMakeFiles/cmTC_5a4cc.dir/link.txt --verbose=1
/usr/bin/cc      -rdynamic CMakeFiles/cmTC_5a4cc.dir/CheckSymbolExists.c.o  -o cmTC_5a4cc 
CMakeFiles/cmTC_5a4cc.dir/CheckSymbolExists.c.o: In function `main':
CheckSymbolExists.c:(.text+0x1b): undefined reference to `pthread_create'
collect2: error: ld returned 1 exit status
CMakeFiles/cmTC_5a4cc.dir/build.make:97: recipe for target 'cmTC_5a4cc' failed
make[1]: *** [cmTC_5a4cc] Error 1
make[1]: Leaving directory '/home/chun/Desktop/uav_autonomous_landing/elevation_mapping_ws/build/elevation_mapping_demos/CMakeFiles/CMakeTmp'
Makefile:126: recipe for target 'cmTC_5a4cc/fast' failed
make: *** [cmTC_5a4cc/fast] Error 2

File /home/chun/Desktop/uav_autonomous_landing/elevation_mapping_ws/build/elevation_mapping_demos/CMakeFiles/CMakeTmp/CheckSymbolExists.c:
/* */
#include <pthread.h>

int main(int argc, char** argv)
{
  (void)argv;
#ifndef pthread_create
  return ((int*)(&pthread_create))[argc];
#else
  (void)argc;
  return 0;
#endif
}

Determining if the function pthread_create exists in the pthreads failed with the following output:
Change Dir: /home/chun/Desktop/uav_autonomous_landing/elevation_mapping_ws/build/elevation_mapping_demos/CMakeFiles/CMakeTmp

Run Build Command:"/usr/bin/make" "cmTC_0597f/fast"
/usr/bin/make -f CMakeFiles/cmTC_0597f.dir/build.make CMakeFiles/cmTC_0597f.dir/build
make[1]: Entering directory '/home/chun/Desktop/uav_autonomous_landing/elevation_mapping_ws/build/elevation_mapping_demos/CMakeFiles/CMakeTmp'
Building C object CMakeFiles/cmTC_0597f.dir/CheckFunctionExists.c.o
/usr/bin/cc   -DCHECK_FUNCTION_EXISTS=pthread_create   -o CMakeFiles/cmTC_0597f.dir/CheckFunctionExists.c.o   -c /usr/share/cmake-3.10/Modules/CheckFunctionExists.c
Linking C executable cmTC_0597f
/usr/bin/cmake -E cmake_link_script CMakeFiles/cmTC_0597f.dir/link.txt --verbose=1
/usr/bin/cc  -DCHECK_FUNCTION_EXISTS=pthread_create    -rdynamic CMakeFiles/cmTC_0597f.dir/CheckFunctionExists.c.o  -o cmTC_0597f -lpthreads 
/usr/bin/ld: cannot find -lpthreads
collect2: error: ld returned 1 exit status
CMakeFiles/cmTC_0597f.dir/build.make:97: recipe for target 'cmTC_0597f' failed
make[1]: *** [cmTC_0597f] Error 1
make[1]: Leaving directory '/home/chun/Desktop/uav_autonomous_landing/elevation_mapping_ws/build/elevation_mapping_demos/CMakeFiles/CMakeTmp'
Makefile:126: recipe for target 'cmTC_0597f/fast' failed
make: *** [cmTC_0597f/fast] Error 2


