Determining if the pthread_create exist failed with the following output:
Change Dir: /home/chun/Desktop/uav_autonomous_landing/elevation_mapping_ws/build/kindr_rviz_plugins/CMakeFiles/CMakeTmp

Run Build Command:"/usr/bin/make" "cmTC_33f1e/fast"
/usr/bin/make -f CMakeFiles/cmTC_33f1e.dir/build.make CMakeFiles/cmTC_33f1e.dir/build
make[1]: Entering directory '/home/chun/Desktop/uav_autonomous_landing/elevation_mapping_ws/build/kindr_rviz_plugins/CMakeFiles/CMakeTmp'
Building C object CMakeFiles/cmTC_33f1e.dir/CheckSymbolExists.c.o
/usr/bin/cc    -o CMakeFiles/cmTC_33f1e.dir/CheckSymbolExists.c.o   -c /home/chun/Desktop/uav_autonomous_landing/elevation_mapping_ws/build/kindr_rviz_plugins/CMakeFiles/CMakeTmp/CheckSymbolExists.c
Linking C executable cmTC_33f1e
/usr/bin/cmake -E cmake_link_script CMakeFiles/cmTC_33f1e.dir/link.txt --verbose=1
/usr/bin/cc      -rdynamic CMakeFiles/cmTC_33f1e.dir/CheckSymbolExists.c.o  -o cmTC_33f1e 
CMakeFiles/cmTC_33f1e.dir/CheckSymbolExists.c.o: In function `main':
CheckSymbolExists.c:(.text+0x1b): undefined reference to `pthread_create'
collect2: error: ld returned 1 exit status
CMakeFiles/cmTC_33f1e.dir/build.make:97: recipe for target 'cmTC_33f1e' failed
make[1]: *** [cmTC_33f1e] Error 1
make[1]: Leaving directory '/home/chun/Desktop/uav_autonomous_landing/elevation_mapping_ws/build/kindr_rviz_plugins/CMakeFiles/CMakeTmp'
Makefile:126: recipe for target 'cmTC_33f1e/fast' failed
make: *** [cmTC_33f1e/fast] Error 2

File /home/chun/Desktop/uav_autonomous_landing/elevation_mapping_ws/build/kindr_rviz_plugins/CMakeFiles/CMakeTmp/CheckSymbolExists.c:
/* */
#include <pthread.h>

int main(int argc, char** argv)
{
  (void)argv;
#ifndef pthread_create
  return ((int*)(&pthread_create))[argc];
#else
  (void)argc;
  return 0;
#endif
}

Determining if the function pthread_create exists in the pthreads failed with the following output:
Change Dir: /home/chun/Desktop/uav_autonomous_landing/elevation_mapping_ws/build/kindr_rviz_plugins/CMakeFiles/CMakeTmp

Run Build Command:"/usr/bin/make" "cmTC_c852e/fast"
/usr/bin/make -f CMakeFiles/cmTC_c852e.dir/build.make CMakeFiles/cmTC_c852e.dir/build
make[1]: Entering directory '/home/chun/Desktop/uav_autonomous_landing/elevation_mapping_ws/build/kindr_rviz_plugins/CMakeFiles/CMakeTmp'
Building C object CMakeFiles/cmTC_c852e.dir/CheckFunctionExists.c.o
/usr/bin/cc   -DCHECK_FUNCTION_EXISTS=pthread_create   -o CMakeFiles/cmTC_c852e.dir/CheckFunctionExists.c.o   -c /usr/share/cmake-3.10/Modules/CheckFunctionExists.c
Linking C executable cmTC_c852e
/usr/bin/cmake -E cmake_link_script CMakeFiles/cmTC_c852e.dir/link.txt --verbose=1
/usr/bin/cc  -DCHECK_FUNCTION_EXISTS=pthread_create    -rdynamic CMakeFiles/cmTC_c852e.dir/CheckFunctionExists.c.o  -o cmTC_c852e -lpthreads 
/usr/bin/ld: cannot find -lpthreads
collect2: error: ld returned 1 exit status
CMakeFiles/cmTC_c852e.dir/build.make:97: recipe for target 'cmTC_c852e' failed
make[1]: *** [cmTC_c852e] Error 1
make[1]: Leaving directory '/home/chun/Desktop/uav_autonomous_landing/elevation_mapping_ws/build/kindr_rviz_plugins/CMakeFiles/CMakeTmp'
Makefile:126: recipe for target 'cmTC_c852e/fast' failed
make: *** [cmTC_c852e/fast] Error 2


